== STANDING ground-truth rig ==
host: Linux 6.17.13-3-pve x86_64  cores: 16
load_start: 1.22 2.04 3.19 1/2401 3899566
no_turbo: 1  gov: performance
requested sha: 462b0549b6bd1921ae953e42e95781c654a781e8  corpora: 'silesia monorepo nasa model storedheavy storedmix pure_stored_100mb squishy bignasa weights'  threads: '1 2 4 8'  N: 13
--- BUILD skipped (BUILD=0) — reusing /dev/shm/standing-target/release/gzippy ---
--- GATE0a: build identity ---
build-flavor: 'parallel-sm+pure'  (expect parallel-sm+pure)
GZ=/dev/shm/standing-target/release/gzippy  sha=840cb75918bd  built_sha=462b0549b6bd1921ae953e42e95781c654a781e8
RG=/root/oracle_c/rapidgzip-native  rapidgzip, CLI to the parallelized, indexed, and seekable gz
IG=/usr/bin/igzip  igzip command line interface 2.31.1
--- GATE0b: routing + correctness ---
silesia: [gzippy] decompress_single_member path=ParallelSM threads=4 bytes=68229982
  ref=028bd002c89c9a90 gz=OK rg=OK ig=OK bytes=211968000
monorepo: [gzippy] decompress_single_member path=ParallelSM threads=4 bytes=9819846
  ref=0dd50d07b0147211 gz=OK rg=OK ig=OK bytes=50915328
nasa: [gzippy] decompress_single_member path=ParallelSM threads=4 bytes=20676664
  ref=96551161b5bdcaac gz=OK rg=OK ig=OK bytes=205242368
model: [gzippy] decompress_single_member path=ParallelSM threads=4 bytes=213332662
  ref=80521b40281d6ce7 gz=OK rg=OK ig=OK bytes=269060552
storedheavy: [gzippy] decompress_single_member path=StoredParallel threads=4 bytes=100016878
  ref=d3efb3acd6674717 gz=OK rg=OK ig=OK bytes=100000000
storedmix: [gzippy] decompress_single_member path=ParallelSM threads=4 bytes=52890462
  ref=4fbc9310c53f7c93 gz=OK rg=OK ig=OK bytes=104857600
pure_stored_100mb: [gzippy] decompress_single_member path=StoredParallel threads=4 bytes=104865623
  ref=4cbf988462cc3ba2 gz=OK rg=OK ig=OK bytes=104857600
squishy: [gzippy] decompress_single_member path=ParallelSM threads=4 bytes=173980370
  ref=4ee30c1571688ca4 gz=OK rg=OK ig=OK bytes=400391411
bignasa: [gzippy] decompress_single_member path=ParallelSM threads=4 bytes=78394681
  ref=255c34ef2e0fdefe gz=OK rg=OK ig=OK bytes=820969472
weights: [gzippy] decompress_single_member path=ParallelSM threads=4 bytes=83099652
  ref=53aa51172d142c89 gz=OK rg=OK ig=OK bytes=90868376
GATE0 PASS
--- MEASURE (interleaved GZ,GZ2,RG,RG2,IG per rep; N=13) ---
  cell silesia T1 mask=0 ...
  cell silesia T2 mask=0,2 ...
  cell silesia T4 mask=0,2,4,6 ...
  cell silesia T8 mask=0,2,4,6,8,10,12,14 ...
  cell monorepo T1 mask=0 ...
  cell monorepo T2 mask=0,2 ...
  cell monorepo T4 mask=0,2,4,6 ...
  cell monorepo T8 mask=0,2,4,6,8,10,12,14 ...
  cell nasa T1 mask=0 ...
  cell nasa T2 mask=0,2 ...
  cell nasa T4 mask=0,2,4,6 ...
  cell nasa T8 mask=0,2,4,6,8,10,12,14 ...
  cell model T1 mask=0 ...
  cell model T2 mask=0,2 ...
  cell model T4 mask=0,2,4,6 ...
  cell model T8 mask=0,2,4,6,8,10,12,14 ...
  cell storedheavy T1 mask=0 ...
  cell storedheavy T2 mask=0,2 ...
  cell storedheavy T4 mask=0,2,4,6 ...
  cell storedheavy T8 mask=0,2,4,6,8,10,12,14 ...
  cell storedmix T1 mask=0 ...
  cell storedmix T2 mask=0,2 ...
  cell storedmix T4 mask=0,2,4,6 ...
  cell storedmix T8 mask=0,2,4,6,8,10,12,14 ...
  cell pure_stored_100mb T1 mask=0 ...
  cell pure_stored_100mb T2 mask=0,2 ...
  cell pure_stored_100mb T4 mask=0,2,4,6 ...
  cell pure_stored_100mb T8 mask=0,2,4,6,8,10,12,14 ...
  cell squishy T1 mask=0 ...
  cell squishy T2 mask=0,2 ...
  cell squishy T4 mask=0,2,4,6 ...
  cell squishy T8 mask=0,2,4,6,8,10,12,14 ...
  cell bignasa T1 mask=0 ...
  cell bignasa T2 mask=0,2 ...
  cell bignasa T4 mask=0,2,4,6 ...
  cell bignasa T8 mask=0,2,4,6,8,10,12,14 ...
  cell weights T1 mask=0 ...
  cell weights T2 mask=0,2 ...
  cell weights T4 mask=0,2,4,6 ...
  cell weights T8 mask=0,2,4,6,8,10,12,14 ...
load_end: 2.51 3.02 2.86 5/2447 4009070
=== ANALYZE ===
====================================================================================================
GROUND-TRUTH STANDING — gzippy-native vs rapidgzip(rg) vs igzip(ig)
sha=462b0549b6bd flavor=parallel-sm+pure N=13 | box: no_turbo=1 gov=performance load_start=2.51
  STAMP: Intel i7-13700T LXC ONLY — NOT-YET-LAW (AMD/Zen2 owed for LAW).
====================================================================================================
----------------------------------------------------------------------------------------------------
cell            tool     cyc/B   wall_ms  spread    /rg    /ig   GHz   GHzσ   LLC%  verdict
bignasa T1      gz        2.08   1225.40    0.4%  0.894  1.280  1.40   0.0%  13.4%  gz FASTER than rg by 10.6%
bignasa T1      rg        2.32   1370.17    0.2%  1.000  1.432  1.40   0.0%  71.6%  
bignasa T1      ig        1.63    957.07    0.3%  0.699  1.000  1.40   0.0%  19.6%  
  self-test A/A: rg|gz = 0.1% / 0.0%  (tol 5% => OK)
----------------------------------------------------------------------------------------------------
cell            tool     cyc/B   wall_ms  spread    /rg    /ig   GHz   GHzσ   LLC%  verdict
bignasa T2      gz        5.79   1768.50    0.4%  0.758  1.848  1.39   0.1%  63.2%  gz FASTER than rg by 24.2%
bignasa T2      rg        7.80   2333.86    1.7%  1.000  2.439  1.40   0.1%  51.9%  
bignasa T2      ig        1.62    956.95    0.3%  0.410  1.000  1.40   0.0%  19.9%  
  self-test A/A: rg|gz = 0.2% / 0.0%  (tol 5% => OK)
----------------------------------------------------------------------------------------------------
cell            tool     cyc/B   wall_ms  spread    /rg    /ig   GHz   GHzσ   LLC%  verdict
bignasa T4      gz        6.31   1309.69    3.6%  0.804  1.368  1.39   0.1%  62.9%  gz FASTER than rg by 19.6%
bignasa T4      rg        7.94   1628.36    3.6%  1.000  1.701  1.39   0.1%  52.7%  
bignasa T4      ig        1.63    957.02    0.3%  0.588  1.000  1.40   0.0%  20.5%  
  self-test A/A: rg|gz = 0.4% / 0.1%  (tol 5% => OK)
----------------------------------------------------------------------------------------------------
cell            tool     cyc/B   wall_ms  spread    /rg    /ig   GHz   GHzσ   LLC%  verdict
bignasa T8      gz        7.13    718.92    8.3%  0.886  0.752  1.39   0.1%  63.4%  TIE vs rg (±15.4%)
bignasa T8      rg        8.10    811.39    7.1%  1.000  0.848  1.40   0.1%  56.0%  
bignasa T8      ig        1.62    956.31    0.3%  1.179  1.000  1.40   0.0%  20.2%  
  self-test A/A: rg|gz = 2.1% / 3.2%  (tol 5% => OK)
----------------------------------------------------------------------------------------------------
cell            tool     cyc/B   wall_ms  spread    /rg    /ig   GHz   GHzσ   LLC%  verdict
model T1        gz       11.75   2267.23    0.3%  1.096  1.167  1.40   0.0%  18.0%  gz SLOWER than rg by 9.6%
model T1        rg       10.71   2068.39    0.5%  1.000  1.065  1.40   0.0%  54.3%  
model T1        ig       10.08   1942.89    0.2%  0.939  1.000  1.40   0.0%  22.6%  
  self-test A/A: rg|gz = 0.1% / 0.1%  (tol 5% => OK)
----------------------------------------------------------------------------------------------------
cell            tool     cyc/B   wall_ms  spread    /rg    /ig   GHz   GHzσ   LLC%  verdict
model T2        gz       12.64   1274.11    0.2%  1.134  0.654  1.40   0.1%  25.6%  gz SLOWER than rg by 13.4%
model T2        rg       11.48   1123.13    0.4%  1.000  0.577  1.40   0.1%  53.1%  
model T2        ig       10.10   1947.86    0.1%  1.734  1.000  1.40   0.0%  21.3%  
  self-test A/A: rg|gz = 0.0% / 0.2%  (tol 5% => OK)
----------------------------------------------------------------------------------------------------
cell            tool     cyc/B   wall_ms  spread    /rg    /ig   GHz   GHzσ   LLC%  verdict
model T4        gz       13.46    887.61    1.2%  1.161  0.456  1.40   0.0%  45.7%  gz SLOWER than rg by 16.1%
model T4        rg       11.61    764.24    1.2%  1.000  0.393  1.40   0.1%  59.9%  
model T4        ig       10.09   1946.04    0.2%  2.546  1.000  1.40   0.0%  21.6%  
  self-test A/A: rg|gz = 0.4% / 0.1%  (tol 5% => OK)
----------------------------------------------------------------------------------------------------
cell            tool     cyc/B   wall_ms  spread    /rg    /ig   GHz   GHzσ   LLC%  verdict
model T8        gz       13.50    406.64    1.6%  1.162  0.209  1.40   0.0%  44.2%  gz SLOWER than rg by 16.2%
model T8        rg       11.74    350.00    2.4%  1.000  0.180  1.40   0.1%  61.5%  
model T8        ig       10.09   1946.04    0.3%  5.560  1.000  1.40   0.0%  21.6%  
  self-test A/A: rg|gz = 0.1% / 0.6%  (tol 5% => OK)
----------------------------------------------------------------------------------------------------
cell            tool     cyc/B   wall_ms  spread    /rg    /ig   GHz   GHzσ   LLC%  verdict
monorepo T1     gz        4.15    153.64    0.2%  0.974  1.415  1.40   0.1%  33.7%  gz FASTER than rg by 2.6%
monorepo T1     rg        4.23    157.76    0.7%  1.000  1.453  1.40   0.0%  69.1%  
monorepo T1     ig        2.95    108.58    0.6%  0.688  1.000  1.40   0.1%  24.1%  
  self-test A/A: rg|gz = 0.4% / 0.3%  (tol 5% => OK)
----------------------------------------------------------------------------------------------------
cell            tool     cyc/B   wall_ms  spread    /rg    /ig   GHz   GHzσ   LLC%  verdict
monorepo T2     gz       10.09    209.85    1.0%  1.045  1.928  1.39   0.1%  53.5%  gz SLOWER than rg by 4.5%
monorepo T2     rg       10.13    200.75    0.9%  1.000  1.844  1.39   0.1%  48.9%  
monorepo T2     ig        2.96    108.85    0.2%  0.542  1.000  1.40   0.1%  23.6%  
  self-test A/A: rg|gz = 0.0% / 0.3%  (tol 5% => OK)
----------------------------------------------------------------------------------------------------
cell            tool     cyc/B   wall_ms  spread    /rg    /ig   GHz   GHzσ   LLC%  verdict
monorepo T4     gz       11.18    158.15    3.9%  0.983  1.456  1.39   0.1%  51.0%  TIE vs rg (±6.7%)
monorepo T4     rg       11.62    160.83    2.8%  1.000  1.480  1.39   0.1%  47.7%  
monorepo T4     ig        2.95    108.65    0.4%  0.676  1.000  1.40   0.0%  24.2%  
  self-test A/A: rg|gz = 2.7% / 3.1%  (tol 5% => OK)
----------------------------------------------------------------------------------------------------
cell            tool     cyc/B   wall_ms  spread    /rg    /ig   GHz   GHzσ   LLC%  verdict
monorepo T8     gz       12.40     86.82    5.4%  0.955  0.797  1.39   0.1%  44.6%  TIE vs rg (±10.9%)
monorepo T8     rg       13.29     90.88    5.5%  1.000  0.834  1.39   0.1%  42.8%  
monorepo T8     ig        2.96    108.95    0.4%  1.199  1.000  1.40   0.1%  23.8%  
  self-test A/A: rg|gz = 1.2% / 0.8%  (tol 5% => OK)
----------------------------------------------------------------------------------------------------
cell            tool     cyc/B   wall_ms  spread    /rg    /ig   GHz   GHzσ   LLC%  verdict
nasa T1         gz        2.11    311.92    0.3%  0.797  1.344  1.40   0.0%  18.6%  gz FASTER than rg by 20.3%
nasa T1         rg        2.64    391.37    0.7%  1.000  1.686  1.40   0.0%  72.6%  
nasa T1         ig        1.57    232.14    0.5%  0.593  1.000  1.40   0.0%  21.5%  
  self-test A/A: rg|gz = 0.2% / 0.0%  (tol 5% => OK)
----------------------------------------------------------------------------------------------------
cell            tool     cyc/B   wall_ms  spread    /rg    /ig   GHz   GHzσ   LLC%  verdict
nasa T2         gz        6.67    562.54    0.9%  0.982  2.427  1.39   0.1%  62.5%  TIE vs rg (±1.8%)
nasa T2         rg        7.13    572.69    0.9%  1.000  2.470  1.40   0.1%  52.4%  
nasa T2         ig        1.57    231.82    0.5%  0.405  1.000  1.40   0.0%  22.1%  
  self-test A/A: rg|gz = 0.9% / 0.0%  (tol 5% => OK)
----------------------------------------------------------------------------------------------------
cell            tool     cyc/B   wall_ms  spread    /rg    /ig   GHz   GHzσ   LLC%  verdict
nasa T4         gz        6.61    363.28    6.3%  0.899  1.564  1.39   0.1%  60.1%  TIE vs rg (±10.2%)
nasa T4         rg        7.47    404.07    3.9%  1.000  1.740  1.39   0.1%  51.2%  
nasa T4         ig        1.57    232.21    0.3%  0.575  1.000  1.40   0.0%  22.9%  
  self-test A/A: rg|gz = 1.2% / 0.0%  (tol 5% => OK)
----------------------------------------------------------------------------------------------------
cell            tool     cyc/B   wall_ms  spread    /rg    /ig   GHz   GHzσ   LLC%  verdict
nasa T8         gz        7.08    190.49    6.3%  0.894  0.819  1.39   0.1%  59.1%  TIE vs rg (±11.1%)
nasa T8         rg        7.79    213.01    4.8%  1.000  0.916  1.39   0.1%  52.8%  
nasa T8         ig        1.58    232.58    0.4%  1.092  1.000  1.40   0.1%  22.1%  
  self-test A/A: rg|gz = 1.9% / 0.2%  (tol 5% => OK)
----------------------------------------------------------------------------------------------------
cell            tool     cyc/B   wall_ms  spread    /rg    /ig   GHz   GHzσ   LLC%  verdict
pure_stored_100mb T1gz        1.66    127.76    1.4%  1.788  2.782  1.40   0.1%  67.9%  gz SLOWER than rg by 78.8%
pure_stored_100mb T1rg        0.92     71.43    0.7%  1.000  1.555  1.40   0.1%  45.5%  
pure_stored_100mb T1ig        0.60     45.92    1.2%  0.643  1.000  1.40   0.1%  23.4%  
  self-test A/A: rg|gz = 0.5% / 0.3%  (tol 5% => OK)
----------------------------------------------------------------------------------------------------
cell            tool     cyc/B   wall_ms  spread    /rg    /ig   GHz   GHzσ   LLC%  verdict
pure_stored_100mb T2gz        1.72     80.02    2.5%  1.607  1.743  1.39   0.2%  68.6%  gz SLOWER than rg by 60.7%
pure_stored_100mb T2rg        1.14     49.80    3.4%  1.000  1.085  1.39   0.2%  49.0%  
pure_stored_100mb T2ig        0.60     45.91    1.2%  0.922  1.000  1.40   0.0%  24.0%  
  self-test A/A: rg|gz = 0.9% / 0.3%  (tol 5% => OK)
----------------------------------------------------------------------------------------------------
cell            tool     cyc/B   wall_ms  spread    /rg    /ig   GHz   GHzσ   LLC%  verdict
pure_stored_100mb T4gz        1.72     67.05    4.2%  1.374  1.452  1.39   0.1%  70.2%  UNTRUSTED(box)
pure_stored_100mb T4rg        1.48     48.80    8.4%  1.000  1.057  1.39   0.2%  63.8%  
pure_stored_100mb T4ig        0.60     46.19    1.0%  0.946  1.000  1.40   0.1%  24.2%  
  self-test A/A: rg|gz = 8.0% / 0.5%  (tol 5% => UNTRUSTED)
----------------------------------------------------------------------------------------------------
cell            tool     cyc/B   wall_ms  spread    /rg    /ig   GHz   GHzσ   LLC%  verdict
pure_stored_100mb T8gz        2.13     50.70    4.3%  1.600  1.097  1.39   0.1%  73.2%  gz SLOWER than rg by 60.0%
pure_stored_100mb T8rg        2.00     31.69    5.9%  1.000  0.685  1.39   0.2%  66.2%  
pure_stored_100mb T8ig        0.60     46.23    0.9%  1.459  1.000  1.40   0.1%  23.9%  
  self-test A/A: rg|gz = 4.1% / 1.7%  (tol 5% => OK)
----------------------------------------------------------------------------------------------------
cell            tool     cyc/B   wall_ms  spread    /rg    /ig   GHz   GHzσ   LLC%  verdict
silesia T1      gz        5.44    828.39    0.5%  1.067  1.241  1.40   0.0%  26.6%  gz SLOWER than rg by 6.7%
silesia T1      rg        5.09    776.15    0.3%  1.000  1.162  1.40   0.0%  68.9%  
silesia T1      ig        4.39    667.70    0.1%  0.860  1.000  1.40   0.0%  22.2%  
  self-test A/A: rg|gz = 0.2% / 0.1%  (tol 5% => OK)
----------------------------------------------------------------------------------------------------
cell            tool     cyc/B   wall_ms  spread    /rg    /ig   GHz   GHzσ   LLC%  verdict
silesia T2      gz        9.09    720.90    0.6%  1.020  1.081  1.39   0.1%  52.5%  gz SLOWER than rg by 2.0%
silesia T2      rg        9.04    706.68    1.3%  1.000  1.060  1.40   0.1%  53.3%  
silesia T2      ig        4.38    666.59    0.3%  0.943  1.000  1.40   0.0%  21.9%  
  self-test A/A: rg|gz = 0.5% / 0.1%  (tol 5% => OK)
----------------------------------------------------------------------------------------------------
cell            tool     cyc/B   wall_ms  spread    /rg    /ig   GHz   GHzσ   LLC%  verdict
silesia T4      gz        9.53    511.36    2.7%  1.032  0.766  1.39   0.1%  57.1%  TIE vs rg (±5.9%)
silesia T4      rg        9.23    495.52    3.2%  1.000  0.742  1.40   0.1%  55.3%  
silesia T4      ig        4.39    667.38    0.2%  1.347  1.000  1.40   0.0%  22.4%  
  self-test A/A: rg|gz = 0.5% / 0.5%  (tol 5% => OK)
----------------------------------------------------------------------------------------------------
cell            tool     cyc/B   wall_ms  spread    /rg    /ig   GHz   GHzσ   LLC%  verdict
silesia T8      gz        9.81    283.20    3.1%  1.015  0.424  1.39   0.1%  55.5%  UNTRUSTED(box)
silesia T8      rg        9.57    278.95    8.6%  1.000  0.418  1.39   0.1%  54.8%  
silesia T8      ig        4.39    667.13    0.3%  2.392  1.000  1.40   0.0%  21.4%  
  self-test A/A: rg|gz = 0.9% / 5.1%  (tol 5% => UNTRUSTED)
----------------------------------------------------------------------------------------------------
cell            tool     cyc/B   wall_ms  spread    /rg    /ig   GHz   GHzσ   LLC%  verdict
squishy T1      gz        5.43   1561.24    0.5%  1.028  1.191  1.40   0.0%  25.1%  gz SLOWER than rg by 2.8%
squishy T1      rg        5.28   1518.62    0.5%  1.000  1.159  1.40   0.0%  63.4%  
squishy T1      ig        4.57   1310.81    0.1%  0.863  1.000  1.40   0.0%  21.6%  
  self-test A/A: rg|gz = 0.1% / 0.1%  (tol 5% => OK)
----------------------------------------------------------------------------------------------------
cell            tool     cyc/B   wall_ms  spread    /rg    /ig   GHz   GHzσ   LLC%  verdict
squishy T2      gz        8.16   1212.82    1.5%  0.974  0.925  1.39   0.1%  49.3%  TIE vs rg (±3.5%)
squishy T2      rg        8.39   1245.09    2.0%  1.000  0.950  1.40   0.0%  55.3%  
squishy T2      ig        4.57   1310.72    0.3%  1.053  1.000  1.40   0.0%  21.4%  
  self-test A/A: rg|gz = 0.6% / 0.5%  (tol 5% => OK)
----------------------------------------------------------------------------------------------------
cell            tool     cyc/B   wall_ms  spread    /rg    /ig   GHz   GHzσ   LLC%  verdict
squishy T4      gz        8.82    873.25    2.0%  1.035  0.667  1.39   0.1%  57.5%  TIE vs rg (±6.7%)
squishy T4      rg        8.53    843.75    4.6%  1.000  0.644  1.40   0.1%  56.2%  
squishy T4      ig        4.56   1309.50    0.2%  1.552  1.000  1.40   0.0%  22.0%  
  self-test A/A: rg|gz = 0.1% / 0.2%  (tol 5% => OK)
----------------------------------------------------------------------------------------------------
cell            tool     cyc/B   wall_ms  spread    /rg    /ig   GHz   GHzσ   LLC%  verdict
squishy T8      gz        9.22    440.00    3.8%  0.999  0.336  1.39   0.1%  56.8%  TIE vs rg (±12.5%)
squishy T8      rg        8.79    440.45    8.7%  1.000  0.336  1.39   0.1%  57.4%  
squishy T8      ig        4.56   1309.95    0.4%  2.974  1.000  1.40   0.0%  21.1%  
  self-test A/A: rg|gz = 2.6% / 1.7%  (tol 5% => OK)
----------------------------------------------------------------------------------------------------
cell            tool     cyc/B   wall_ms  spread    /rg    /ig   GHz   GHzσ   LLC%  verdict
storedheavy T1  gz        0.89     65.20    0.9%  0.803  1.217  1.40   0.1%  33.3%  gz FASTER than rg by 19.7%
storedheavy T1  rg        1.10     81.22    0.8%  1.000  1.516  1.40   0.1%  45.9%  
storedheavy T1  ig        0.73     53.56    0.6%  0.659  1.000  1.40   0.2%  24.1%  
  self-test A/A: rg|gz = 0.3% / 0.1%  (tol 5% => OK)
----------------------------------------------------------------------------------------------------
cell            tool     cyc/B   wall_ms  spread    /rg    /ig   GHz   GHzσ   LLC%  verdict
storedheavy T2  gz        1.43     73.81    0.6%  1.229  1.382  1.39   0.1%  46.2%  gz SLOWER than rg by 22.9%
storedheavy T2  rg        1.45     60.05    2.4%  1.000  1.125  1.39   0.3%  51.5%  
storedheavy T2  ig        0.73     53.40    0.9%  0.889  1.000  1.40   0.2%  24.4%  
  self-test A/A: rg|gz = 2.9% / 0.1%  (tol 5% => OK)
----------------------------------------------------------------------------------------------------
cell            tool     cyc/B   wall_ms  spread    /rg    /ig   GHz   GHzσ   LLC%  verdict
storedheavy T4  gz        2.25     68.67    3.8%  1.312  1.287  1.39   0.1%  58.9%  gz SLOWER than rg by 31.2%
storedheavy T4  rg        1.76     52.33    7.7%  1.000  0.980  1.39   0.2%  64.0%  
storedheavy T4  ig        0.73     53.38    0.8%  1.020  1.000  1.40   0.2%  24.6%  
  self-test A/A: rg|gz = 1.3% / 0.1%  (tol 5% => OK)
----------------------------------------------------------------------------------------------------
cell            tool     cyc/B   wall_ms  spread    /rg    /ig   GHz   GHzσ   LLC%  verdict
storedheavy T8  gz        2.40     44.72    8.9%  1.316  0.831  1.39   0.2%  60.0%  gz SLOWER than rg by 31.6%
storedheavy T8  rg        2.24     33.99   19.8%  1.000  0.631  1.39   0.2%  65.5%  
storedheavy T8  ig        0.74     53.85    0.7%  1.584  1.000  1.40   0.1%  23.9%  
  self-test A/A: rg|gz = 1.7% / 0.2%  (tol 5% => OK)
----------------------------------------------------------------------------------------------------
cell            tool     cyc/B   wall_ms  spread    /rg    /ig   GHz   GHzσ   LLC%  verdict
storedmix T1    gz        0.75     57.75    0.8%  0.720  1.300  1.40   0.1%  23.8%  gz FASTER than rg by 28.0%
storedmix T1    rg        1.03     80.24    0.4%  1.000  1.806  1.40   0.1%  52.2%  
storedmix T1    ig        0.58     44.42    0.8%  0.554  1.000  1.40   0.1%  23.1%  
  self-test A/A: rg|gz = 1.0% / 0.2%  (tol 5% => OK)
----------------------------------------------------------------------------------------------------
cell            tool     cyc/B   wall_ms  spread    /rg    /ig   GHz   GHzσ   LLC%  verdict
storedmix T2    gz        1.38     66.60    1.9%  1.143  1.503  1.39   0.1%  55.3%  gz SLOWER than rg by 14.3%
storedmix T2    rg        1.32     58.28    2.2%  1.000  1.315  1.39   0.2%  60.0%  
storedmix T2    ig        0.58     44.30    1.2%  0.760  1.000  1.40   0.1%  23.1%  
  self-test A/A: rg|gz = 1.1% / 1.2%  (tol 5% => OK)
----------------------------------------------------------------------------------------------------
cell            tool     cyc/B   wall_ms  spread    /rg    /ig   GHz   GHzσ   LLC%  verdict
storedmix T4    gz        1.94     62.05    4.0%  1.159  1.394  1.39   0.1%  59.7%  gz SLOWER than rg by 15.9%
storedmix T4    rg        1.58     53.55    2.6%  1.000  1.203  1.39   0.2%  65.3%  
storedmix T4    ig        0.58     44.53    0.6%  0.831  1.000  1.40   0.1%  22.5%  
  self-test A/A: rg|gz = 1.8% / 0.7%  (tol 5% => OK)
----------------------------------------------------------------------------------------------------
cell            tool     cyc/B   wall_ms  spread    /rg    /ig   GHz   GHzσ   LLC%  verdict
storedmix T8    gz        2.28     43.20    5.3%  1.330  0.975  1.39   0.2%  58.2%  gz SLOWER than rg by 33.0%
storedmix T8    rg        2.07     32.49    5.0%  1.000  0.733  1.39   0.2%  61.9%  
storedmix T8    ig        0.58     44.32    1.1%  1.364  1.000  1.40   0.1%  23.3%  
  self-test A/A: rg|gz = 0.4% / 0.7%  (tol 5% => OK)
----------------------------------------------------------------------------------------------------
cell            tool     cyc/B   wall_ms  spread    /rg    /ig   GHz   GHzσ   LLC%  verdict
weights T1      gz        9.91    646.45    0.3%  1.020  1.082  1.40   0.0%  21.9%  gz SLOWER than rg by 2.0%
weights T1      rg        9.69    633.51    0.4%  1.000  1.060  1.40   0.0%  53.0%  
weights T1      ig        9.16    597.50    0.3%  0.943  1.000  1.40   0.0%  21.6%  
  self-test A/A: rg|gz = 0.1% / 0.0%  (tol 5% => OK)
----------------------------------------------------------------------------------------------------
cell            tool     cyc/B   wall_ms  spread    /rg    /ig   GHz   GHzσ   LLC%  verdict
weights T2      gz       10.98    376.60    1.3%  1.078  0.630  1.39   0.1%  31.9%  gz SLOWER than rg by 7.8%
weights T2      rg       10.46    349.48    0.8%  1.000  0.585  1.40   0.1%  56.3%  
weights T2      ig        9.16    597.46    0.2%  1.710  1.000  1.40   0.0%  22.2%  
  self-test A/A: rg|gz = 0.2% / 0.4%  (tol 5% => OK)
----------------------------------------------------------------------------------------------------
cell            tool     cyc/B   wall_ms  spread    /rg    /ig   GHz   GHzσ   LLC%  verdict
weights T4      gz       11.73    272.68    1.8%  1.119  0.456  1.39   0.1%  44.8%  gz SLOWER than rg by 11.9%
weights T4      rg       10.65    243.59    2.5%  1.000  0.408  1.40   0.0%  59.2%  
weights T4      ig        9.16    597.53    0.3%  2.453  1.000  1.40   0.0%  21.9%  
  self-test A/A: rg|gz = 0.0% / 1.1%  (tol 5% => OK)
----------------------------------------------------------------------------------------------------
cell            tool     cyc/B   wall_ms  spread    /rg    /ig   GHz   GHzσ   LLC%  verdict
weights T8      gz       11.81    134.26    3.3%  1.084  0.224  1.39   0.1%  43.3%  gz SLOWER than rg by 8.4%
weights T8      rg       11.00    123.87    2.1%  1.000  0.207  1.39   0.0%  59.8%  
weights T8      ig        9.18    598.41    0.2%  4.831  1.000  1.40   0.0%  21.3%  
  self-test A/A: rg|gz = 2.3% / 0.9%  (tol 5% => OK)
====================================================================================================
FORK SUMMARY (trusted cells only; ratio = gz_wall / rg_wall, <1.0 = gz wins):
  bignasa    T1   gz/rg=0.894  WIN/TIE
  bignasa    T2   gz/rg=0.758  WIN/TIE
  bignasa    T4   gz/rg=0.804  WIN/TIE
  bignasa    T8   gz/rg=0.886  WIN/TIE
  model      T1   gz/rg=1.096  LOSS
  model      T2   gz/rg=1.134  LOSS
  model      T4   gz/rg=1.161  LOSS
  model      T8   gz/rg=1.162  LOSS
  monorepo   T1   gz/rg=0.974  WIN/TIE
  monorepo   T2   gz/rg=1.045  LOSS
  monorepo   T4   gz/rg=0.983  WIN/TIE
  monorepo   T8   gz/rg=0.955  WIN/TIE
  nasa       T1   gz/rg=0.797  WIN/TIE
  nasa       T2   gz/rg=0.982  WIN/TIE
  nasa       T4   gz/rg=0.899  WIN/TIE
  nasa       T8   gz/rg=0.894  WIN/TIE
  pure_stored_100mb T1   gz/rg=1.788  LOSS
  pure_stored_100mb T2   gz/rg=1.607  LOSS
  pure_stored_100mb T8   gz/rg=1.600  LOSS
  silesia    T1   gz/rg=1.067  LOSS
  silesia    T2   gz/rg=1.020  LOSS
  silesia    T4   gz/rg=1.032  LOSS
  squishy    T1   gz/rg=1.028  LOSS
  squishy    T2   gz/rg=0.974  WIN/TIE
  squishy    T4   gz/rg=1.035  LOSS
  squishy    T8   gz/rg=0.999  WIN/TIE
  storedheavy T1   gz/rg=0.803  WIN/TIE
  storedheavy T2   gz/rg=1.229  LOSS
  storedheavy T4   gz/rg=1.312  LOSS
  storedheavy T8   gz/rg=1.316  LOSS
  storedmix  T1   gz/rg=0.720  WIN/TIE
  storedmix  T2   gz/rg=1.143  LOSS
  storedmix  T4   gz/rg=1.159  LOSS
  storedmix  T8   gz/rg=1.330  LOSS
  weights    T1   gz/rg=1.020  LOSS
  weights    T2   gz/rg=1.078  LOSS
  weights    T4   gz/rg=1.119  LOSS
  weights    T8   gz/rg=1.084  LOSS
  => FORK-B: a T>=2 cell genuinely loses (worst=('pure_stored_100mb', 1, 1.788497926891646)). Rule out fingerprint/artifact, then follow T2-LOCATE decision tree.
  WARNING: >=1 cell failed the A/A self-test (loaded box) — those ratios were withheld.
====================================================================================================
=== STANDING_GUEST_DONE (2026-06-21T18:52:17Z) ===
